Arguments: 
  /usr/local/Cellar/node/14.9.0/bin/node /usr/local/Cellar/yarn/1.22.5/libexec/bin/yarn.js install

PATH: 
  /usr/local/opt/ruby/bin:/Users/Retric/.cargo/bin:/usr/local/opt/icu4c/sbin:/usr/local/opt/icu4c/bin:/usr/local/opt/openssl/bin:/usr/local/opt/llvm/bin:/usr/local/opt/llvm/bin:/usr/local/opt/llvm/bin:/usr/local/bin:/usr/bin:/bin:/usr/sbin:/sbin:/usr/local/share/dotnet:~/.dotnet/tools:/usr/local/git/bin:/Applications/Postgres.app/Contents/Versions/9.6/bin:/usr/local/opt/ruby/bin:/Users/Retric/.cargo/bin:/usr/local/opt/icu4c/sbin:/usr/local/opt/icu4c/bin:/usr/local/opt/openssl/bin:/usr/local/opt/llvm/bin:/Users/Retric/Desktop/go/bin:/usr/local/Cellar/go/1.11.4/libexec/bin:/Users/Retric/Library/Android/sdk/tools:/Users/Retric/Library/Android/sdk/platform-tools:/Users/Retric/Desktop/go/bin:/usr/local/Cellar/go/1.11.4/libexec/bin:/Users/Retric/Library/Android/sdk/tools:/Users/Retric/Library/Android/sdk/platform-tools

Yarn version: 
  1.22.5

Node version: 
  14.9.0

Platform: 
  darwin x64

Trace: 
  Error: https://registry.yarnpkg.com/@ckb-lumos%2fcommon-scripts: tunneling socket could not be established, cause=connect EHOSTUNREACH 0.0.4.57:80 - Local (192.168.0.102:62207)
      at ClientRequest.onError (/usr/local/Cellar/yarn/1.22.5/libexec/lib/cli.js:152235:17)
      at Object.onceWrapper (events.js:421:26)
      at ClientRequest.emit (events.js:314:20)
      at Socket.socketErrorListener (_http_client.js:469:9)
      at Socket.emit (events.js:314:20)
      at emitErrorNT (internal/streams/destroy.js:100:8)
      at emitErrorCloseNT (internal/streams/destroy.js:68:3)
      at processTicksAndRejections (internal/process/task_queues.js:80:21)

npm manifest: 
  {
    "name": "learn-ckb-by-hand",
    "description": "a helper file in browser to learn ckb purely by hand.",
    "version": "1.0.0",
    "main": "dist/index.js",
    "types": "dist/index.d.ts",
    "scripts": {
      "dev": "nodemon --watch 'src/*.ts' --exec 'ts-node' src/*.ts",
      "build": "tsc",
      "start": "node dist/index.js",
      "index": "tsc && node dist/index.js",
      "typeid": "tsc && node dist/test/typeid_test.js",
      "server": "concurrently \"tsc -w\" \"nodemon dist/test/server.js\""
    },
    "license": "MIT",
    "dependencies": {
      "@ckb-lumos/common-scripts": "^0.13.3",
      "@ckb-lumos/config-manager": "^0.13.3",
      "@ckb-lumos/hd": "^0.13.3",
      "@ckb-lumos/indexer": "^0.13.3",
      "@ckb-lumos/transaction-manager": "^0.13.3",
      "@ckb-lumos/types": "^0.3.0",
      "@nervosnetwork/ckb-sdk-core": "^0.37.0",
      "@types/cors": "^2.8.8",
      "@types/express": "^4.17.9",
      "@types/node": "^14.14.8",
      "@types/secp256k1": "^4.0.1",
      "ckb-js-toolkit": "^0.9.2",
      "concurrently": "^5.3.0",
      "cors": "^2.8.5",
      "dotenv": "^8.2.0",
      "express": "^4.17.1",
      "nodemon": "^2.0.6",
      "ts-node": "^9.0.0",
      "typescript": "^4.0.5"
    }
  }

yarn manifest: 
  No manifest

Lockfile: 
  No lockfile
